<?xml version="1.0" encoding="UTF-8"?>
<!-- Generated by org.testng.reporters.JUnitReportReporter -->
<testsuite hostname="TYSS-Manoj" failures="0" tests="1" name="gitHubRepositoryAPITestCase.TC004_Delete_The_Created_Repository" time="0.674" errors="0" timestamp="2024-05-25T16:18:11 IST" skipped="0">
  <testcase classname="gitHubRepositoryAPITestCase.TC004_Delete_The_Created_Repository" name="DeleteTheCraetedRepository" time="0.674"/>
  <system-out/>
</testsuite> <!-- gitHubRepositoryAPITestCase.TC004_Delete_The_Created_Repository -->
