<?xml version="1.0" encoding="UTF-8"?>
<!-- Generated by org.testng.reporters.JUnitReportReporter -->
<testsuite hostname="TYSS-Manoj" failures="0" tests="1" name="gitHubRepositoryAPITestCase.TC001_Create_GitHub_Repository" time="6.289" errors="0" timestamp="2024-05-25T16:18:12 IST" skipped="0">
  <testcase classname="gitHubRepositoryAPITestCase.TC001_Create_GitHub_Repository" name="CraeteTheRepository" time="6.289"/>
  <system-out/>
</testsuite> <!-- gitHubRepositoryAPITestCase.TC001_Create_GitHub_Repository -->
