<?xml version="1.0" encoding="UTF-8"?>
<!-- Generated by org.testng.reporters.JUnitReportReporter -->
<testsuite hostname="TYSS-Manoj" failures="0" tests="1" name="gitHubRepositoryAPITestCase.TC002_Get_The_Created_Repository" time="0.718" errors="0" timestamp="2024-05-25T16:22:12 IST" skipped="0">
  <testcase classname="gitHubRepositoryAPITestCase.TC002_Get_The_Created_Repository" name="GetTheCraetedRepository" time="0.718"/>
  <system-out/>
</testsuite> <!-- gitHubRepositoryAPITestCase.TC002_Get_The_Created_Repository -->
