<?xml version="1.0" encoding="UTF-8"?>
<testsuite xmlns:xsi="http://www.w3.org/2001/XMLSchema-instance" xsi:noNamespaceSchemaLocation="https://maven.apache.org/surefire/maven-surefire-plugin/xsd/surefire-test-report-3.0.xsd" version="3.0" name="TestSuite" time="11.792" tests="4" errors="0" skipped="0" failures="0">
  <properties>
    <property name="java.specification.version" value="17"/>
    <property name="sun.cpu.isalist" value="amd64"/>
    <property name="sun.jnu.encoding" value="Cp1252"/>
    <property name="java.class.path" value="C:\Users\user\eclipse-workspace\GitHub_Restassured_BDD_API_Testing\target\test-classes;C:\Users\user\eclipse-workspace\GitHub_Restassured_BDD_API_Testing\target\classes;C:\Users\user\.m2\repository\io\rest-assured\rest-assured\5.3.0\rest-assured-5.3.0.jar;C:\Users\user\.m2\repository\org\apache\groovy\groovy\4.0.6\groovy-4.0.6.jar;C:\Users\user\.m2\repository\org\apache\groovy\groovy-xml\4.0.6\groovy-xml-4.0.6.jar;C:\Users\user\.m2\repository\org\apache\httpcomponents\httpclient\4.5.13\httpclient-4.5.13.jar;C:\Users\user\.m2\repository\org\apache\httpcomponents\httpcore\4.4.13\httpcore-4.4.13.jar;C:\Users\user\.m2\repository\commons-logging\commons-logging\1.2\commons-logging-1.2.jar;C:\Users\user\.m2\repository\commons-codec\commons-codec\1.11\commons-codec-1.11.jar;C:\Users\user\.m2\repository\org\apache\httpcomponents\httpmime\4.5.13\httpmime-4.5.13.jar;C:\Users\user\.m2\repository\org\hamcrest\hamcrest\2.1\hamcrest-2.1.jar;C:\Users\user\.m2\repository\org\ccil\cowan\tagsoup\tagsoup\1.2.1\tagsoup-1.2.1.jar;C:\Users\user\.m2\repository\io\rest-assured\json-schema-validator\5.3.0\json-schema-validator-5.3.0.jar;C:\Users\user\.m2\repository\com\github\java-json-tools\json-schema-validator\2.2.14\json-schema-validator-2.2.14.jar;C:\Users\user\.m2\repository\com\google\guava\guava\28.2-android\guava-28.2-android.jar;C:\Users\user\.m2\repository\com\google\guava\failureaccess\1.0.1\failureaccess-1.0.1.jar;C:\Users\user\.m2\repository\com\google\guava\listenablefuture\9999.0-empty-to-avoid-conflict-with-guava\listenablefuture-9999.0-empty-to-avoid-conflict-with-guava.jar;C:\Users\user\.m2\repository\org\checkerframework\checker-compat-qual\2.5.5\checker-compat-qual-2.5.5.jar;C:\Users\user\.m2\repository\com\google\errorprone\error_prone_annotations\2.3.4\error_prone_annotations-2.3.4.jar;C:\Users\user\.m2\repository\com\google\j2objc\j2objc-annotations\1.3\j2objc-annotations-1.3.jar;C:\Users\user\.m2\repository\com\github\java-json-tools\jackson-coreutils-equivalence\1.0\jackson-coreutils-equivalence-1.0.jar;C:\Users\user\.m2\repository\com\github\java-json-tools\jackson-coreutils\2.0\jackson-coreutils-2.0.jar;C:\Users\user\.m2\repository\com\github\java-json-tools\msg-simple\1.2\msg-simple-1.2.jar;C:\Users\user\.m2\repository\com\github\java-json-tools\btf\1.3\btf-1.3.jar;C:\Users\user\.m2\repository\com\github\java-json-tools\json-schema-core\1.2.14\json-schema-core-1.2.14.jar;C:\Users\user\.m2\repository\com\github\java-json-tools\uri-template\0.10\uri-template-0.10.jar;C:\Users\user\.m2\repository\org\mozilla\rhino\1.7.7.2\rhino-1.7.7.2.jar;C:\Users\user\.m2\repository\com\sun\mail\mailapi\1.6.2\mailapi-1.6.2.jar;C:\Users\user\.m2\repository\joda-time\joda-time\2.10.5\joda-time-2.10.5.jar;C:\Users\user\.m2\repository\com\googlecode\libphonenumber\libphonenumber\8.11.1\libphonenumber-8.11.1.jar;C:\Users\user\.m2\repository\com\google\code\findbugs\jsr305\3.0.2\jsr305-3.0.2.jar;C:\Users\user\.m2\repository\net\sf\jopt-simple\jopt-simple\5.0.4\jopt-simple-5.0.4.jar;C:\Users\user\.m2\repository\io\rest-assured\json-path\5.3.0\json-path-5.3.0.jar;C:\Users\user\.m2\repository\org\apache\groovy\groovy-json\4.0.6\groovy-json-4.0.6.jar;C:\Users\user\.m2\repository\io\rest-assured\rest-assured-common\5.3.0\rest-assured-common-5.3.0.jar;C:\Users\user\.m2\repository\io\rest-assured\xml-path\5.3.0\xml-path-5.3.0.jar;C:\Users\user\.m2\repository\org\apache\commons\commons-lang3\3.11\commons-lang3-3.11.jar;C:\Users\user\.m2\repository\org\testng\testng\7.4.0\testng-7.4.0.jar;C:\Users\user\.m2\repository\com\beust\jcommander\1.78\jcommander-1.78.jar;C:\Users\user\.m2\repository\org\webjars\jquery\3.5.1\jquery-3.5.1.jar;C:\Users\user\.m2\repository\org\hamcrest\java-hamcrest\2.0.0.0\java-hamcrest-2.0.0.0.jar;C:\Users\user\.m2\repository\org\hamcrest\hamcrest-core\2.1\hamcrest-core-2.1.jar;C:\Users\user\.m2\repository\org\hamcrest\hamcrest-library\2.1\hamcrest-library-2.1.jar;C:\Users\user\.m2\repository\com\fasterxml\jackson\core\jackson-core\2.8.6\jackson-core-2.8.6.jar;C:\Users\user\.m2\repository\com\fasterxml\jackson\core\jackson-databind\2.8.6\jackson-databind-2.8.6.jar;C:\Users\user\.m2\repository\com\fasterxml\jackson\core\jackson-annotations\2.8.6\jackson-annotations-2.8.6.jar;C:\Users\user\.m2\repository\javax\xml\bind\jaxb-api\2.3.1\jaxb-api-2.3.1.jar;C:\Users\user\.m2\repository\javax\activation\javax.activation-api\1.2.0\javax.activation-api-1.2.0.jar;C:\Users\user\.m2\repository\org\glassfish\jaxb\jaxb-runtime\2.3.1\jaxb-runtime-2.3.1.jar;C:\Users\user\.m2\repository\org\glassfish\jaxb\txw2\2.3.1\txw2-2.3.1.jar;C:\Users\user\.m2\repository\com\sun\istack\istack-commons-runtime\3.0.7\istack-commons-runtime-3.0.7.jar;C:\Users\user\.m2\repository\org\jvnet\staxex\stax-ex\1.8\stax-ex-1.8.jar;C:\Users\user\.m2\repository\com\sun\xml\fastinfoset\FastInfoset\1.2.15\FastInfoset-1.2.15.jar;C:\Users\user\.m2\repository\javax\activation\activation\1.1.1\activation-1.1.1.jar;C:\Users\user\.m2\repository\log4j\log4j\1.2.17\log4j-1.2.17.jar;C:\Users\user\.m2\repository\com\aventstack\extentreports\4.0.9\extentreports-4.0.9.jar;C:\Users\user\.m2\repository\org\freemarker\freemarker\2.3.23\freemarker-2.3.23.jar;C:\Users\user\.m2\repository\org\mongodb\mongodb-driver\3.3.0\mongodb-driver-3.3.0.jar;C:\Users\user\.m2\repository\org\mongodb\mongodb-driver-core\3.3.0\mongodb-driver-core-3.3.0.jar;C:\Users\user\.m2\repository\org\mongodb\bson\3.3.0\bson-3.3.0.jar;C:\Users\user\.m2\repository\com\google\code\gson\gson\2.8.5\gson-2.8.5.jar;"/>
    <property name="java.vm.vendor" value="Eclipse Adoptium"/>
    <property name="sun.arch.data.model" value="64"/>
    <property name="user.variant" value=""/>
    <property name="java.vendor.url" value="https://adoptium.net/"/>
    <property name="user.timezone" value="Asia/Calcutta"/>
    <property name="os.name" value="Windows 11"/>
    <property name="java.vm.specification.version" value="17"/>
    <property name="sun.java.launcher" value="SUN_STANDARD"/>
    <property name="user.country" value="IN"/>
    <property name="sun.boot.library.path" value="C:\Users\user\.p2\pool\plugins\org.eclipse.justj.openjdk.hotspot.jre.full.win32.x86_64_17.0.5.v20221102-0933\jre\bin"/>
    <property name="sun.java.command" value="C:\Users\user\AppData\Local\Temp\surefire15251988463482535165\surefirebooter-20240525161758521_3.jar C:\Users\user\AppData\Local\Temp\surefire15251988463482535165 2024-05-25T16-17-58_062-jvmRun1 surefire-20240525161758521_1tmp surefire_0-20240525161758521_2tmp"/>
    <property name="jdk.debug" value="release"/>
    <property name="surefire.test.class.path" value="C:\Users\user\eclipse-workspace\GitHub_Restassured_BDD_API_Testing\target\test-classes;C:\Users\user\eclipse-workspace\GitHub_Restassured_BDD_API_Testing\target\classes;C:\Users\user\.m2\repository\io\rest-assured\rest-assured\5.3.0\rest-assured-5.3.0.jar;C:\Users\user\.m2\repository\org\apache\groovy\groovy\4.0.6\groovy-4.0.6.jar;C:\Users\user\.m2\repository\org\apache\groovy\groovy-xml\4.0.6\groovy-xml-4.0.6.jar;C:\Users\user\.m2\repository\org\apache\httpcomponents\httpclient\4.5.13\httpclient-4.5.13.jar;C:\Users\user\.m2\repository\org\apache\httpcomponents\httpcore\4.4.13\httpcore-4.4.13.jar;C:\Users\user\.m2\repository\commons-logging\commons-logging\1.2\commons-logging-1.2.jar;C:\Users\user\.m2\repository\commons-codec\commons-codec\1.11\commons-codec-1.11.jar;C:\Users\user\.m2\repository\org\apache\httpcomponents\httpmime\4.5.13\httpmime-4.5.13.jar;C:\Users\user\.m2\repository\org\hamcrest\hamcrest\2.1\hamcrest-2.1.jar;C:\Users\user\.m2\repository\org\ccil\cowan\tagsoup\tagsoup\1.2.1\tagsoup-1.2.1.jar;C:\Users\user\.m2\repository\io\rest-assured\json-schema-validator\5.3.0\json-schema-validator-5.3.0.jar;C:\Users\user\.m2\repository\com\github\java-json-tools\json-schema-validator\2.2.14\json-schema-validator-2.2.14.jar;C:\Users\user\.m2\repository\com\google\guava\guava\28.2-android\guava-28.2-android.jar;C:\Users\user\.m2\repository\com\google\guava\failureaccess\1.0.1\failureaccess-1.0.1.jar;C:\Users\user\.m2\repository\com\google\guava\listenablefuture\9999.0-empty-to-avoid-conflict-with-guava\listenablefuture-9999.0-empty-to-avoid-conflict-with-guava.jar;C:\Users\user\.m2\repository\org\checkerframework\checker-compat-qual\2.5.5\checker-compat-qual-2.5.5.jar;C:\Users\user\.m2\repository\com\google\errorprone\error_prone_annotations\2.3.4\error_prone_annotations-2.3.4.jar;C:\Users\user\.m2\repository\com\google\j2objc\j2objc-annotations\1.3\j2objc-annotations-1.3.jar;C:\Users\user\.m2\repository\com\github\java-json-tools\jackson-coreutils-equivalence\1.0\jackson-coreutils-equivalence-1.0.jar;C:\Users\user\.m2\repository\com\github\java-json-tools\jackson-coreutils\2.0\jackson-coreutils-2.0.jar;C:\Users\user\.m2\repository\com\github\java-json-tools\msg-simple\1.2\msg-simple-1.2.jar;C:\Users\user\.m2\repository\com\github\java-json-tools\btf\1.3\btf-1.3.jar;C:\Users\user\.m2\repository\com\github\java-json-tools\json-schema-core\1.2.14\json-schema-core-1.2.14.jar;C:\Users\user\.m2\repository\com\github\java-json-tools\uri-template\0.10\uri-template-0.10.jar;C:\Users\user\.m2\repository\org\mozilla\rhino\1.7.7.2\rhino-1.7.7.2.jar;C:\Users\user\.m2\repository\com\sun\mail\mailapi\1.6.2\mailapi-1.6.2.jar;C:\Users\user\.m2\repository\joda-time\joda-time\2.10.5\joda-time-2.10.5.jar;C:\Users\user\.m2\repository\com\googlecode\libphonenumber\libphonenumber\8.11.1\libphonenumber-8.11.1.jar;C:\Users\user\.m2\repository\com\google\code\findbugs\jsr305\3.0.2\jsr305-3.0.2.jar;C:\Users\user\.m2\repository\net\sf\jopt-simple\jopt-simple\5.0.4\jopt-simple-5.0.4.jar;C:\Users\user\.m2\repository\io\rest-assured\json-path\5.3.0\json-path-5.3.0.jar;C:\Users\user\.m2\repository\org\apache\groovy\groovy-json\4.0.6\groovy-json-4.0.6.jar;C:\Users\user\.m2\repository\io\rest-assured\rest-assured-common\5.3.0\rest-assured-common-5.3.0.jar;C:\Users\user\.m2\repository\io\rest-assured\xml-path\5.3.0\xml-path-5.3.0.jar;C:\Users\user\.m2\repository\org\apache\commons\commons-lang3\3.11\commons-lang3-3.11.jar;C:\Users\user\.m2\repository\org\testng\testng\7.4.0\testng-7.4.0.jar;C:\Users\user\.m2\repository\com\beust\jcommander\1.78\jcommander-1.78.jar;C:\Users\user\.m2\repository\org\webjars\jquery\3.5.1\jquery-3.5.1.jar;C:\Users\user\.m2\repository\org\hamcrest\java-hamcrest\2.0.0.0\java-hamcrest-2.0.0.0.jar;C:\Users\user\.m2\repository\org\hamcrest\hamcrest-core\2.1\hamcrest-core-2.1.jar;C:\Users\user\.m2\repository\org\hamcrest\hamcrest-library\2.1\hamcrest-library-2.1.jar;C:\Users\user\.m2\repository\com\fasterxml\jackson\core\jackson-core\2.8.6\jackson-core-2.8.6.jar;C:\Users\user\.m2\repository\com\fasterxml\jackson\core\jackson-databind\2.8.6\jackson-databind-2.8.6.jar;C:\Users\user\.m2\repository\com\fasterxml\jackson\core\jackson-annotations\2.8.6\jackson-annotations-2.8.6.jar;C:\Users\user\.m2\repository\javax\xml\bind\jaxb-api\2.3.1\jaxb-api-2.3.1.jar;C:\Users\user\.m2\repository\javax\activation\javax.activation-api\1.2.0\javax.activation-api-1.2.0.jar;C:\Users\user\.m2\repository\org\glassfish\jaxb\jaxb-runtime\2.3.1\jaxb-runtime-2.3.1.jar;C:\Users\user\.m2\repository\org\glassfish\jaxb\txw2\2.3.1\txw2-2.3.1.jar;C:\Users\user\.m2\repository\com\sun\istack\istack-commons-runtime\3.0.7\istack-commons-runtime-3.0.7.jar;C:\Users\user\.m2\repository\org\jvnet\staxex\stax-ex\1.8\stax-ex-1.8.jar;C:\Users\user\.m2\repository\com\sun\xml\fastinfoset\FastInfoset\1.2.15\FastInfoset-1.2.15.jar;C:\Users\user\.m2\repository\javax\activation\activation\1.1.1\activation-1.1.1.jar;C:\Users\user\.m2\repository\log4j\log4j\1.2.17\log4j-1.2.17.jar;C:\Users\user\.m2\repository\com\aventstack\extentreports\4.0.9\extentreports-4.0.9.jar;C:\Users\user\.m2\repository\org\freemarker\freemarker\2.3.23\freemarker-2.3.23.jar;C:\Users\user\.m2\repository\org\mongodb\mongodb-driver\3.3.0\mongodb-driver-3.3.0.jar;C:\Users\user\.m2\repository\org\mongodb\mongodb-driver-core\3.3.0\mongodb-driver-core-3.3.0.jar;C:\Users\user\.m2\repository\org\mongodb\bson\3.3.0\bson-3.3.0.jar;C:\Users\user\.m2\repository\com\google\code\gson\gson\2.8.5\gson-2.8.5.jar;"/>
    <property name="sun.cpu.endian" value="little"/>
    <property name="user.home" value="C:\Users\user"/>
    <property name="user.language" value="en"/>
    <property name="java.specification.vendor" value="Oracle Corporation"/>
    <property name="java.version.date" value="2022-10-18"/>
    <property name="java.home" value="C:\Users\user\.p2\pool\plugins\org.eclipse.justj.openjdk.hotspot.jre.full.win32.x86_64_17.0.5.v20221102-0933\jre"/>
    <property name="file.separator" value="\"/>
    <property name="style.color" value="always"/>
    <property name="basedir" value="C:\Users\user\eclipse-workspace\GitHub_Restassured_BDD_API_Testing"/>
    <property name="java.vm.compressedOopsMode" value="Zero based"/>
    <property name="line.separator" value="&#10;"/>
    <property name="java.vm.specification.vendor" value="Oracle Corporation"/>
    <property name="java.specification.name" value="Java Platform API Specification"/>
    <property name="surefire.real.class.path" value="C:\Users\user\AppData\Local\Temp\surefire15251988463482535165\surefirebooter-20240525161758521_3.jar"/>
    <property name="user.script" value=""/>
    <property name="sun.management.compiler" value="HotSpot 64-Bit Tiered Compilers"/>
    <property name="java.runtime.version" value="17.0.5+8"/>
    <property name="user.name" value="Manoj"/>
    <property name="path.separator" value=";"/>
    <property name="os.version" value="10.0"/>
    <property name="java.runtime.name" value="OpenJDK Runtime Environment"/>
    <property name="file.encoding" value="Cp1252"/>
    <property name="java.vm.name" value="OpenJDK 64-Bit Server VM"/>
    <property name="java.vendor.version" value="Temurin-17.0.5+8"/>
    <property name="localRepository" value="C:\Users\user\.m2\repository"/>
    <property name="java.vendor.url.bug" value="https://github.com/adoptium/adoptium-support/issues"/>
    <property name="java.io.tmpdir" value="C:\Users\user\AppData\Local\Temp\"/>
    <property name="java.version" value="17.0.5"/>
    <property name="user.dir" value="C:\Users\user\eclipse-workspace\GitHub_Restassured_BDD_API_Testing"/>
    <property name="os.arch" value="amd64"/>
    <property name="java.vm.specification.name" value="Java Virtual Machine Specification"/>
    <property name="sun.os.patch.level" value=""/>
    <property name="native.encoding" value="Cp1252"/>
    <property name="java.library.path" value="C:\Users\user\.p2\pool\plugins\org.eclipse.justj.openjdk.hotspot.jre.full.win32.x86_64_17.0.5.v20221102-0933\jre\bin;C:\WINDOWS\Sun\Java\bin;C:\WINDOWS\system32;C:\WINDOWS;C:/Users/user/.p2/pool/plugins/org.eclipse.justj.openjdk.hotspot.jre.full.win32.x86_64_17.0.10.v20240120-1143/jre/bin/server;C:/Users/user/.p2/pool/plugins/org.eclipse.justj.openjdk.hotspot.jre.full.win32.x86_64_17.0.10.v20240120-1143/jre/bin;C:\Program Files\Common Files\Oracle\Java\javapath;C:\Program Files (x86)\Common Files\Oracle\Java\javapath;C:\Program Files\Java\jdk-17\bin;C:\Program Files\Java\jdk-17;C:\WINDOWS\system32;C:\WINDOWS;C:\WINDOWS\System32\Wbem;C:\WINDOWS\System32\WindowsPowerShell\v1.0\;C:\WINDOWS\System32\OpenSSH\;C:\Users\user\AppData\Local\Android\Sdk\platform-tools;C:\Users\user\AppData\Local\Android\Sdk\tools\bin;C:\Users\user\AppData\Local\Android\Sdk\tools\lib\x86_64;C:\Users\user\AppData\Local\Android\Sdk;C:\FireFlinkClient\resources\flinko-client\utilities\jdk-11\bin;C:\Program Files\PuTTY\;C:\apache-maven-3.9.1-bin\apache-maven-3.9.1\bin;C:\Program Files\nodejs\;C:\Program Files\nodejs\node_modules\npm\bin;C:\Users\user\Documents\selenium\gradle-5.4.1-bin\gradle-5.4.1\bin;C:\Program Files\Git\cmd;C:\Program Files\Java\jdk-17\bin;C:\Users\user\AppData\Local\Microsoft\WindowsApps;C:\Program Files\nodejs;C:\Users\user\AppData\Local\Android\Sdk\tools;C:\Users\user\AppData\Local\Android\Sdk\platform-tools;C:\Users\user\AppData\Roaming\npm;C:\Users\user\AppData\Local\GitHubDesktop\bin;C:\ProgramData\Manoj\GitHubDesktop\bin;C:\Program Files\JetBrains\IntelliJ IDEA Educational Edition 2022.2.2\bin;;C:\Program Files\JetBrains\IntelliJ IDEA 2023.2.5\bin;;C:\Program Files\JetBrains\IntelliJ IDEA Community Edition 2023.3.4\bin;;C:\Users\user\Documents\selenium\gradle-5.4.1-bin\gradle-5.4.1\bin;;C:\Users\user\Desktop;;."/>
    <property name="java.vm.info" value="mixed mode"/>
    <property name="java.vendor" value="Eclipse Adoptium"/>
    <property name="java.vm.version" value="17.0.5+8"/>
    <property name="sun.io.unicode.encoding" value="UnicodeLittle"/>
    <property name="java.class.version" value="61.0"/>
  </properties>
  <testcase name="CraeteTheRepository" classname="gitHubRepositoryAPITestCase.TC001_Create_GitHub_Repository" time="6.305">
    <system-out><![CDATA[2024-05-25 16:18:01,247 - GitHubRestAPI - INFO - ************** Started TC001 Create GitHub Repository **************
2024-05-25 16:18:01,875 - GitHubRestAPI - INFO - ************** Executing The Crate Repository API Request **************
2024-05-25 16:18:08,100 - GitHubRestAPI - INFO - ************** Checking Status Code **************
2024-05-25 16:18:08,100 - GitHubRestAPI - INFO - The Status Code Is ==> 201
2024-05-25 16:18:08,100 - GitHubRestAPI - INFO - ************** Checking Status Line **************
2024-05-25 16:18:08,100 - GitHubRestAPI - INFO - The Status Line Is ==> HTTP/1.1 201 Created
2024-05-25 16:18:08,128 - GitHubRestAPI - INFO - ************** Checking Respons Time **************
2024-05-25 16:18:08,128 - GitHubRestAPI - INFO - The Time Taken To Create Repository Is ==> 4000Milliseconds
2024-05-25 16:18:08,128 - GitHubRestAPI - INFO - ************** Checking Repository Name **************
2024-05-25 16:18:08,128 - GitHubRestAPI - INFO - The Repository Name is ==> Test946
2024-05-25 16:18:08,133 - GitHubRestAPI - INFO - ************** Checking Repository Description **************
2024-05-25 16:18:08,134 - GitHubRestAPI - INFO - The Repository Description is ==> This Is For Testingbsk
2024-05-25 16:18:08,135 - GitHubRestAPI - INFO - ************** Checking Repository Is In Privat **************
2024-05-25 16:18:08,135 - GitHubRestAPI - INFO - The Repository Is In Private ==> true
]]></system-out>
    <system-err><![CDATA[log4j:ERROR Could not find value for key log4j.appender.WARN
log4j:ERROR Could not instantiate appender named "WARN".
log4j:WARN No such property [locationINFO] in org.apache.log4j.HTMLLayout.
]]></system-err>
  </testcase>
  <testcase name="GetTheCraetedRepository" classname="gitHubRepositoryAPITestCase.TC002_Get_The_Created_Repository" time="0.8">
    <system-out><![CDATA[2024-05-25 16:18:08,199 - GitHubRestAPI - INFO - ************** Finished TC001 Create GitHub Repository **************
2024-05-25 16:18:08,234 - GitHubRestAPI - INFO - ************** Started TC002 Get The Created GitHub Repository **************
2024-05-25 16:18:08,234 - GitHubRestAPI - INFO - ************** Successfully Created GitHub Repository **************
2024-05-25 16:18:08,239 - GitHubRestAPI - INFO - ************** Executing The Get Repository API Request **************
2024-05-25 16:18:09,018 - GitHubRestAPI - INFO - ************** Checking Status Code **************
2024-05-25 16:18:09,018 - GitHubRestAPI - INFO - The Status Code Is ==> 200
2024-05-25 16:18:09,018 - GitHubRestAPI - INFO - ************** Checking Status Line **************
2024-05-25 16:18:09,018 - GitHubRestAPI - INFO - The Status Line Is ==> HTTP/1.1 200 OK
2024-05-25 16:18:09,018 - GitHubRestAPI - INFO - ************** Checking Respons Time **************
2024-05-25 16:18:09,018 - GitHubRestAPI - INFO - The Time Taken To Create Repository Is ==> 4000Milliseconds
2024-05-25 16:18:09,018 - GitHubRestAPI - INFO - ************** Checking Repository Name **************
2024-05-25 16:18:09,018 - GitHubRestAPI - INFO - The Repository Name is ==> Test946
2024-05-25 16:18:09,018 - GitHubRestAPI - INFO - ************** Checking Repository Description **************
2024-05-25 16:18:09,018 - GitHubRestAPI - INFO - The Repository Description is ==> This Is For Testingbsk
2024-05-25 16:18:09,018 - GitHubRestAPI - INFO - ************** Checking Repository Is In Privat **************
2024-05-25 16:18:09,034 - GitHubRestAPI - INFO - The Repository Is In Private ==> true
]]></system-out>
    <system-err><![CDATA[log4j:ERROR Could not find value for key log4j.appender.WARN
log4j:ERROR Could not instantiate appender named "WARN".
log4j:WARN No such property [locationINFO] in org.apache.log4j.HTMLLayout.
]]></system-err>
  </testcase>
  <testcase name="UpdateTheCraetedRepository" classname="gitHubRepositoryAPITestCase.TC003_Update_The_Created_Repository" time="1.419">
    <system-out><![CDATA[2024-05-25 16:18:09,034 - GitHubRestAPI - INFO - ************** Finished TC002 Getting GitHub Repository **************
2024-05-25 16:18:09,034 - GitHubRestAPI - INFO - ************** Started TC003 Update The Created GitHub Repository **************
2024-05-25 16:18:09,034 - GitHubRestAPI - INFO - ************** Successfully Created GitHub Repository **************
2024-05-25 16:18:09,097 - GitHubRestAPI - INFO - ************** Executing The Update Repository API Request **************
2024-05-25 16:18:10,481 - GitHubRestAPI - INFO - ************** Checking Status Code **************
2024-05-25 16:18:10,481 - GitHubRestAPI - INFO - The Status Code Is ==> 200
2024-05-25 16:18:10,481 - GitHubRestAPI - INFO - ************** Checking Status Line **************
2024-05-25 16:18:10,481 - GitHubRestAPI - INFO - The Status Line Is ==> HTTP/1.1 200 OK
2024-05-25 16:18:10,481 - GitHubRestAPI - INFO - ************** Checking Respons Time **************
2024-05-25 16:18:10,481 - GitHubRestAPI - INFO - The Time Taken To Create Repository Is ==> 4000Milliseconds
2024-05-25 16:18:10,481 - GitHubRestAPI - INFO - ************** Checking Repository Name **************
2024-05-25 16:18:10,481 - GitHubRestAPI - INFO - The Repository Name is ==> Test248
2024-05-25 16:18:10,481 - GitHubRestAPI - INFO - ************** Checking Repository Description **************
2024-05-25 16:18:10,481 - GitHubRestAPI - INFO - The Repository Description is ==> This Is For TestingflM
2024-05-25 16:18:10,481 - GitHubRestAPI - INFO - ************** Checking Repository Is In Privat **************
2024-05-25 16:18:10,481 - GitHubRestAPI - INFO - The Repository Is In Private ==> true
]]></system-out>
    <system-err><![CDATA[log4j:ERROR Could not find value for key log4j.appender.WARN
log4j:ERROR Could not instantiate appender named "WARN".
log4j:WARN No such property [locationINFO] in org.apache.log4j.HTMLLayout.
]]></system-err>
  </testcase>
  <testcase name="DeleteTheCraetedRepository" classname="gitHubRepositoryAPITestCase.TC004_Delete_The_Created_Repository" time="0.663">
    <system-out><![CDATA[2024-05-25 16:18:10,481 - GitHubRestAPI - INFO - ************** Finished TC003 Updated GitHub Repository **************
2024-05-25 16:18:10,498 - GitHubRestAPI - INFO - ************** Started TC004 Delete The Created GitHub Repository **************
2024-05-25 16:18:10,498 - GitHubRestAPI - INFO - ************** Successfully Created GitHub Repository **************
2024-05-25 16:18:10,498 - GitHubRestAPI - INFO - ************** Executing The Get Repository API Request **************
HTTP/1.1 204 No Content
Server: GitHub.com
Date: Sat, 25 May 2024 10:48:12 GMT
X-OAuth-Scopes: admin:enterprise, admin:gpg_key, admin:org, admin:org_hook, admin:public_key, admin:repo_hook, admin:ssh_signing_key, audit_log, codespace, copilot, delete:packages, delete_repo, gist, notifications, project, repo, user, workflow, write:discussion, write:packages
X-Accepted-OAuth-Scopes: 
github-authentication-token-expiration: 2024-06-24 10:26:51 UTC
X-GitHub-Media-Type: github.v3; format=json
x-github-api-version-selected: 2022-11-28
X-RateLimit-Limit: 5000
X-RateLimit-Remaining: 4980
X-RateLimit-Reset: 1716636439
X-RateLimit-Used: 20
X-RateLimit-Resource: core
Access-Control-Expose-Headers: ETag, Link, Location, Retry-After, X-GitHub-OTP, X-RateLimit-Limit, X-RateLimit-Remaining, X-RateLimit-Used, X-RateLimit-Resource, X-RateLimit-Reset, X-OAuth-Scopes, X-Accepted-OAuth-Scopes, X-Poll-Interval, X-GitHub-Media-Type, X-GitHub-SSO, X-GitHub-Request-Id, Deprecation, Sunset
Access-Control-Allow-Origin: *
Strict-Transport-Security: max-age=31536000; includeSubdomains; preload
X-Frame-Options: deny
X-Content-Type-Options: nosniff
X-XSS-Protection: 0
Referrer-Policy: origin-when-cross-origin, strict-origin-when-cross-origin
Content-Security-Policy: default-src 'none'
Vary: Accept-Encoding, Accept, X-Requested-With
X-GitHub-Request-Id: FCBB:89D40:12CD504:131ABD0:6651C1EB
2024-05-25 16:18:11,172 - GitHubRestAPI - INFO - ************** Checking Status Code **************
2024-05-25 16:18:11,172 - GitHubRestAPI - INFO - The Status Code Is ==> 204
2024-05-25 16:18:11,172 - GitHubRestAPI - INFO - ************** Checking Status Line **************
2024-05-25 16:18:11,172 - GitHubRestAPI - INFO - The Status Line Is ==> HTTP/1.1 204 No Content
2024-05-25 16:18:11,172 - GitHubRestAPI - INFO - ************** Checking Respons Time **************
2024-05-25 16:18:11,172 - GitHubRestAPI - INFO - The Time Taken To Create Repository Is ==> 4000Milliseconds
]]></system-out>
    <system-err><![CDATA[log4j:ERROR Could not find value for key log4j.appender.WARN
log4j:ERROR Could not instantiate appender named "WARN".
log4j:WARN No such property [locationINFO] in org.apache.log4j.HTMLLayout.
]]></system-err>
  </testcase>
</testsuite>